----------

Sun Aug 01 2021 17:19:54 GMT+0200 (Central Africa Time)

error: src refspec main does not match any
error: failed to push some refs to 'https://github.com/Lekipising/portfolio.git'


----------

Tue Aug 03 2021 00:41:18 GMT+0200 (Central Africa Time)

error: src refspec main does not match any
error: failed to push some refs to 'https://github.com/Lekipising/portfolio.git'


----------

Tue Aug 03 2021 00:50:36 GMT+0200 (Central Africa Time)

error: src refspec main does not match any
error: failed to push some refs to 'https://github.com/Lekipising/portfolio.git'


----------

Tue Aug 03 2021 18:28:14 GMT+0200 (Central Africa Time)

error: src refspec main does not match any
error: failed to push some refs to 'https://github.com/Lekipising/portfolio.git'


----------

Tue Aug 03 2021 18:34:22 GMT+0200 (Central Africa Time)

error: src refspec main does not match any
error: failed to push some refs to 'https://github.com/Lekipising/portfolio.git'


